{
  message: 'Connected to MongoDB',
  level: 'info',
  service: 'user-service',
  label: 'right meow!',
  timestamp: '2023-06-17T06:55:31.321Z'
}
{
  message: 'Connected to port 8080',
  level: 'info',
  service: 'user-service',
  label: 'right meow!',
  timestamp: '2023-06-17T06:55:31.333Z'
}
{
  message: 'Connected to MongoDB',
  level: 'info',
  service: 'user-service',
  label: 'right meow!',
  timestamp: '2023-06-17T06:56:29.549Z'
}
{
  message: 'Connected to port 8080',
  level: 'info',
  service: 'user-service',
  label: 'right meow!',
  timestamp: '2023-06-17T06:56:29.555Z'
}
{
  message: 'Connected to MongoDB',
  level: 'info',
  service: 'user-service',
  label: 'right meow!',
  timestamp: '2023-06-17T06:57:57.998Z'
}
{
  message: 'Connected to port 8080',
  level: 'info',
  service: 'user-service',
  label: 'right meow!',
  timestamp: '2023-06-17T06:57:58.004Z'
}
{
  message: 'Connected to MongoDB',
  level: 'info',
  service: 'user-service',
  label: 'right meow!',
  timestamp: '2023-06-17T06:59:14.012Z'
}
{
  message: 'Connected to port 8080',
  level: 'info',
  service: 'user-service',
  label: 'right meow!',
  timestamp: '2023-06-17T06:59:14.017Z'
}
