{
  message: 'Connected to MongoDB',
  level: 'info',
  service: 'user-service',
  label: 'right meow!',
  timestamp: '2023-06-17T07:01:45.205Z'
}
{
  message: 'Connected to port 8080',
  level: 'info',
  service: 'user-service',
  label: 'right meow!',
  timestamp: '2023-06-17T07:01:45.211Z'
}
{
  message: 'Connected to MongoDB',
  level: 'info',
  service: 'user-service',
  label: 'right meow!',
  timestamp: '2023-06-17T07:01:58.192Z'
}
{
  message: 'Connected to port 8080',
  level: 'info',
  service: 'user-service',
  label: 'right meow!',
  timestamp: '2023-06-17T07:01:58.197Z'
}
{
  message: 'Connected to MongoDB',
  level: 'info',
  service: 'user-service',
  label: 'right meow!',
  timestamp: '2023-06-17T07:03:15.810Z'
}
{
  message: 'Connected to port 8080',
  level: 'info',
  service: 'user-service',
  label: 'right meow!',
  timestamp: '2023-06-17T07:03:15.815Z'
}
{
  message: 'Connected to MongoDB',
  level: 'info',
  service: 'user-service',
  label: 'right meow!',
  timestamp: '2023-06-17T07:05:26.955Z'
}
{
  message: 'Connected to port 8080',
  level: 'info',
  service: 'user-service',
  label: 'right meow!',
  timestamp: '2023-06-17T07:05:26.959Z'
}
{
  message: 'Connected to MongoDB',
  level: 'info',
  service: 'user-service',
  label: 'right meow!',
  timestamp: '2023-06-17T07:07:16.413Z'
}
{
  message: 'Connected to port 8080',
  level: 'info',
  service: 'user-service',
  label: 'right meow!',
  timestamp: '2023-06-17T07:07:16.418Z'
}
{
  message: 'Connected to MongoDB',
  level: 'info',
  service: 'user-service',
  label: 'right meow!',
  timestamp: '2023-06-17T07:10:54.895Z'
}
{
  message: 'Connected to port 8080',
  level: 'info',
  service: 'user-service',
  label: 'right meow!',
  timestamp: '2023-06-17T07:10:54.900Z'
}
Sat Jun 17 2023 15:14:14 [right meow!] info: Connected to MongoDB
Sat Jun 17 2023 15:14:14 [right meow!] info: Connected to port 8080
Sat Jun 17 2023 15:16:29 [right meow!] info: Connected to MongoDB
Sat Jun 17 2023 15:16:29 [right meow!] info: Connected to port 8080
Sat Jun 17 2023 15:17:30 [right meow!] info: Connected to MongoDB
Sat Jun 17 2023 15:17:30 [right meow!] info: Connected to port 8080
Sat Jun 17 2023 15:18:59 [right meow!] info: Connected to MongoDB
Sat Jun 17 2023 15:18:59 [right meow!] info: Connected to port 8080
Sat Jun 17 2023 15:21:25 [right meow!] info: Connected to MongoDB
Sat Jun 17 2023 15:21:25 [right meow!] info: Connected to port 8080
Sat Jun 17 2023 15:21:59 [right meow!] info: Connected to MongoDB
Sat Jun 17 2023 15:21:59 [right meow!] info: Connected to port 8080
Sat Jun 17 2023 15:28:34 [right meow!] info: Connected to MongoDB
Sat Jun 17 2023 15:28:34 [right meow!] info: Connected to port 8080
