{
  service: 'user-service',
  message: 'Failed to connect to MongoDB Server selection timed out after 30000 ms',
  reason: TopologyDescription {
    type: 'ReplicaSetNoPrimary',
    servers: Map(3) {
      'ac-wvazioc-shard-00-02.odcqdzb.mongodb.net:27017' => ServerDescription {
        address: 'ac-wvazioc-shard-00-02.odcqdzb.mongodb.net:27017',
        type: 'Unknown',
        hosts: [],
        passives: [],
        arbiters: [],
        tags: {},
        minWireVersion: 0,
        maxWireVersion: 0,
        roundTripTime: -1,
        lastUpdateTime: 145868007,
        lastWriteDate: 0,
        error: null,
        topologyVersion: null,
        setName: null,
        setVersion: null,
        electionId: null,
        logicalSessionTimeoutMinutes: null,
        primary: null,
        me: null,
        '$clusterTime': null
      },
      'ac-wvazioc-shard-00-00.odcqdzb.mongodb.net:27017' => ServerDescription {
        address: 'ac-wvazioc-shard-00-00.odcqdzb.mongodb.net:27017',
        type: 'RSSecondary',
        hosts: [
          'ac-wvazioc-shard-00-00.odcqdzb.mongodb.net:27017',
          'ac-wvazioc-shard-00-01.odcqdzb.mongodb.net:27017',
          'ac-wvazioc-shard-00-02.odcqdzb.mongodb.net:27017'
        ],
        passives: [],
        arbiters: [],
        tags: {
          provider: 'AWS',
          region: 'US_EAST_1',
          workloadType: 'OPERATIONAL',
          nodeType: 'ELECTABLE'
        },
        minWireVersion: 0,
        maxWireVersion: 17,
        roundTripTime: 5063.72,
        lastUpdateTime: 145894935,
        lastWriteDate: 2023-06-17T07:08:49.000Z,
        error: null,
        topologyVersion: {
          processId: new ObjectId("648b45fcc8b2c201247b2d33"),
          counter: 4
        },
        setName: 'atlas-dqrc9d-shard-0',
        setVersion: 11,
        electionId: null,
        logicalSessionTimeoutMinutes: 30,
        primary: 'ac-wvazioc-shard-00-02.odcqdzb.mongodb.net:27017',
        me: 'ac-wvazioc-shard-00-00.odcqdzb.mongodb.net:27017',
        '$clusterTime': {
          clusterTime: new Timestamp({ t: 1686985729, i: 38 }),
          signature: {
            hash: Binary.createFromBase64("DT+DI1xL5wuszakkhlfg2V0mUAs=", 0),
            keyId: new Long("7194357996493733890")
          }
        }
      },
      'ac-wvazioc-shard-00-01.odcqdzb.mongodb.net:27017' => ServerDescription {
        address: 'ac-wvazioc-shard-00-01.odcqdzb.mongodb.net:27017',
        type: 'RSSecondary',
        hosts: [
          'ac-wvazioc-shard-00-00.odcqdzb.mongodb.net:27017',
          'ac-wvazioc-shard-00-01.odcqdzb.mongodb.net:27017',
          'ac-wvazioc-shard-00-02.odcqdzb.mongodb.net:27017'
        ],
        passives: [],
        arbiters: [],
        tags: {
          provider: 'AWS',
          workloadType: 'OPERATIONAL',
          nodeType: 'ELECTABLE',
          region: 'US_EAST_1'
        },
        minWireVersion: 0,
        maxWireVersion: 17,
        roundTripTime: 12810.400000000001,
        lastUpdateTime: 145894820,
        lastWriteDate: 2023-06-17T07:08:50.000Z,
        error: null,
        topologyVersion: {
          processId: new ObjectId("648b49c63889ea81165989f8"),
          counter: 3
        },
        setName: 'atlas-dqrc9d-shard-0',
        setVersion: 11,
        electionId: null,
        logicalSessionTimeoutMinutes: 30,
        primary: 'ac-wvazioc-shard-00-02.odcqdzb.mongodb.net:27017',
        me: 'ac-wvazioc-shard-00-01.odcqdzb.mongodb.net:27017',
        '$clusterTime': {
          clusterTime: new Timestamp({ t: 1686985730, i: 17 }),
          signature: {
            hash: Binary.createFromBase64("5i9fwZ4O9TwaEsQcMIfuKzlevwQ=", 0),
            keyId: new Long("7194357996493733890")
          }
        }
      }
    },
    stale: false,
    compatible: true,
    heartbeatFrequencyMS: 10000,
    localThresholdMS: 15,
    setName: 'atlas-dqrc9d-shard-0',
    maxElectionId: null,
    maxSetVersion: null,
    commonWireVersion: 0,
    logicalSessionTimeoutMinutes: 30
  },
  code: undefined,
  level: 'error',
  stack: 'MongooseServerSelectionError: Server selection timed out after 30000 ms\n' +
    '    at _handleConnectionErrors (E:\\Web-Development\\advance-webdev\\backend-brainiac\\university-management\\node_modules\\mongoose\\lib\\connection.js:792:11)\n' +
    '    at NativeConnection.openUri (E:\\Web-Development\\advance-webdev\\backend-brainiac\\university-management\\node_modules\\mongoose\\lib\\connection.js:767:11)\n' +
    '    at processTicksAndRejections (node:internal/process/task_queues:96:5)',
  label: 'right meow!',
  timestamp: '2023-06-17T07:08:54.111Z'
}
Thu Jun 22 2023 22:32:11 [right meow!] error: Failed to close server: Unhandled error
Thu Jun 22 2023 22:46:24 [right meow!] error: Unhandled error
Thu Jun 22 2023 22:54:40 [right meow!] error: Unhandled error
Thu Jun 22 2023 22:54:44 [right meow!] error: undefined
Fri Jun 23 2023 14:15:51 [right meow!] error: From undefined. [
  {
    "code": "invalid_type",
    "expected": "string",
    "received": "undefined",
    "path": [
      "body",
      "role"
    ],
    "message": "Role is required"
  }
]
